<?xml version="1.0" encoding="utf-8"?><testsuites><testsuite name="pytest" errors="0" failures="0" skipped="0" tests="4" time="39.806" timestamp="2025-05-13T10:41:17.842750+05:30" hostname="DIVRAJ-2004"><testcase classname="sample_test" name="test_prectise[https://www.amazon.com/-Chrome]" time="8.755" /><testcase classname="sample_test" name="test_prectise[https://www.amazon.com/-FireFox]" time="12.995" /><testcase classname="sample_test" name="test_prectise[https://www.flipkart.com/-Chrome]" time="5.591" /><testcase classname="sample_test" name="test_prectise[https://www.flipkart.com/-FireFox]" time="10.782" /></testsuite></testsuites>